2020-09-25 10:18:45 [ main:0] -[ INFO] 文件读取完成，共读取0条数据
2020-09-25 10:18:45 [ main:3] -[ INFO] Gather流关闭
2020-09-25 10:18:45 [ main:12] -[ INFO] 链接至服务器
2020-09-25 10:18:45 [ main:13] -[ INFO] 此次未读取到新数据，客户端即将关闭
2020-09-25 10:18:45 [ main:14] -[ INFO] 客户端传输完成！
2020-09-25 10:18:55 [ main:0] -[ INFO] 文件读取完成，共读取0条数据
2020-09-25 10:18:55 [ main:5] -[ INFO] Gather流关闭
2020-09-25 10:18:58 [ main:2060] -[ ERROR] 传输流异常：Connection refused: connect
2020-09-25 10:18:58 [ main:2061] -[ INFO] 客户端传输完成！
2020-09-25 10:20:50 [ main:0] -[ INFO] 文件读取完成，共读取0条数据
2020-09-25 10:20:50 [ main:5] -[ INFO] Gather流关闭
2020-09-25 10:20:50 [ main:13] -[ INFO] 链接至服务器
2020-09-25 10:20:50 [ main:14] -[ INFO] 此次未读取到新数据，客户端即将关闭
2020-09-25 10:23:08 [ main:0] -[ INFO] 文件读取完成，共读取0条数据
2020-09-25 10:23:08 [ main:3] -[ INFO] Gather流关闭
2020-09-25 10:23:08 [ main:10] -[ INFO] 链接至服务器
2020-09-25 10:23:08 [ main:11] -[ INFO] 此次未读取到新数据，客户端即将关闭
2020-09-25 10:26:00 [ main:0] -[ INFO] 文件读取完成，共读取0条数据
2020-09-25 10:26:00 [ main:3] -[ INFO] Gather流关闭
2020-09-25 10:26:00 [ main:11] -[ INFO] 链接至服务器
2020-09-25 10:26:00 [ main:11] -[ INFO] 此次未读取到新数据，客户端即将关闭
2020-09-25 10:26:48 [ main:0] -[ INFO] 文件读取完成，共读取0条数据
2020-09-25 10:26:48 [ main:2] -[ INFO] Gather流关闭
2020-09-25 10:26:48 [ main:10] -[ INFO] 链接至服务器
2020-09-25 10:26:48 [ main:11] -[ INFO] 此次未读取到新数据，客户端即将关闭
2020-09-25 10:28:43 [ main:0] -[ INFO] 文件读取完成，共读取0条数据
2020-09-25 10:28:43 [ main:3] -[ INFO] Gather流关闭
2020-09-25 10:28:43 [ main:10] -[ INFO] 链接至服务器
2020-09-25 10:28:43 [ main:11] -[ INFO] 此次未读取到新数据，客户端即将关闭
2020-09-25 10:31:56 [ main:0] -[ INFO] 文件读取完成，共读取0条数据
2020-09-25 10:31:56 [ main:3] -[ INFO] Gather流关闭
2020-09-25 10:31:56 [ main:10] -[ INFO] 链接至服务器
2020-09-25 10:31:56 [ main:11] -[ INFO] 此次未读取到新数据，客户端即将关闭
2020-09-25 10:32:04 [ main:0] -[ INFO] 文件读取完成，共读取0条数据
2020-09-25 10:32:04 [ main:3] -[ INFO] Gather流关闭
2020-09-25 10:32:04 [ main:12] -[ INFO] 链接至服务器
2020-09-25 10:32:04 [ main:12] -[ INFO] 此次未读取到新数据，客户端即将关闭
2020-09-25 10:34:20 [ main:0] -[ INFO] 文件读取完成，共读取0条数据
2020-09-25 10:34:20 [ main:2] -[ INFO] Gather流关闭
2020-09-25 10:34:20 [ main:10] -[ INFO] 链接至服务器
2020-09-25 10:34:20 [ main:11] -[ INFO] 此次未读取到新数据，客户端即将关闭
